<?xml version="1.0" encoding="UTF-8"?>
<testsuite xmlns:xsi="http://www.w3.org/2001/XMLSchema-instance" xsi:schemaLocation="https://maven.apache.org/surefire/maven-surefire-plugin/xsd/surefire-test-report.xsd" name="tn.esprit.spring.kaddem.EquipeTest" time="1.214" tests="4" errors="0" skipped="0" failures="0">
  <properties>
[...]
</properties>
  <testcase name="testupdateEquipe" classname="tn.esprit.spring.kaddem.EquipeTest" time="1.075"/>
  <testcase name="testdeleteEquipe" classname="tn.esprit.spring.kaddem.EquipeTest" time="0.001"/>
  <testcase name="testAddEquipe" classname="tn.esprit.spring.kaddem.EquipeTest" time="0.001"/>
  <testcase name="testretrieveAllEquipes" classname="tn.esprit.spring.kaddem.EquipeTest" time="0.007"/>
</testsuite>