-------------------------------------------------------------------------------
Test set: tn.esprit.spring.kaddem.services.EtudiantServiceImplTest
-------------------------------------------------------------------------------
Tests run: 5, Failures: 0, Errors: 5, Skipped: 0, Time elapsed: 0.779 s <<< FAILURE! - in tn.esprit.spring.kaddem.services.EtudiantServiceImplTest
testUpdateEtudiant  Time elapsed: 0.726 s  <<< ERROR!
org.mockito.exceptions.misusing.UnnecessaryStubbingException: 

Unnecessary stubbings detected.
Clean & maintainable test code requires zero unnecessary code.
Following stubbings are unnecessary (click to navigate to relevant line of code):
  1. -> at tn.esprit.spring.kaddem.services.EtudiantServiceImplTest.setUp(EtudiantServiceImplTest.java:41)
  2. -> at tn.esprit.spring.kaddem.services.EtudiantServiceImplTest.setUp(EtudiantServiceImplTest.java:42)
  3. -> at tn.esprit.spring.kaddem.services.EtudiantServiceImplTest.setUp(EtudiantServiceImplTest.java:44)
  4. -> at tn.esprit.spring.kaddem.services.EtudiantServiceImplTest.setUp(EtudiantServiceImplTest.java:45)
Please remove unnecessary stubbings or use 'lenient' strictness. More info: javadoc for UnnecessaryStubbingException class.

testRetrieveAllEtudiants  Time elapsed: 0.001 s  <<< ERROR!
org.mockito.exceptions.misusing.UnnecessaryStubbingException: 

Unnecessary stubbings detected.
Clean & maintainable test code requires zero unnecessary code.
Following stubbings are unnecessary (click to navigate to relevant line of code):
  1. -> at tn.esprit.spring.kaddem.services.EtudiantServiceImplTest.setUp(EtudiantServiceImplTest.java:41)
  2. -> at tn.esprit.spring.kaddem.services.EtudiantServiceImplTest.setUp(EtudiantServiceImplTest.java:42)
  3. -> at tn.esprit.spring.kaddem.services.EtudiantServiceImplTest.setUp(EtudiantServiceImplTest.java:44)
  4. -> at tn.esprit.spring.kaddem.services.EtudiantServiceImplTest.setUp(EtudiantServiceImplTest.java:45)
Please remove unnecessary stubbings or use 'lenient' strictness. More info: javadoc for UnnecessaryStubbingException class.

testRetrieveEtudiant  Time elapsed: 0 s  <<< ERROR!
org.mockito.exceptions.misusing.UnnecessaryStubbingException: 

Unnecessary stubbings detected.
Clean & maintainable test code requires zero unnecessary code.
Following stubbings are unnecessary (click to navigate to relevant line of code):
  1. -> at tn.esprit.spring.kaddem.services.EtudiantServiceImplTest.setUp(EtudiantServiceImplTest.java:41)
  2. -> at tn.esprit.spring.kaddem.services.EtudiantServiceImplTest.setUp(EtudiantServiceImplTest.java:42)
  3. -> at tn.esprit.spring.kaddem.services.EtudiantServiceImplTest.setUp(EtudiantServiceImplTest.java:45)
Please remove unnecessary stubbings or use 'lenient' strictness. More info: javadoc for UnnecessaryStubbingException class.

testRemoveEtudiant  Time elapsed: 0.02 s  <<< ERROR!
org.mockito.exceptions.misusing.UnnecessaryStubbingException: 

Unnecessary stubbings detected.
Clean & maintainable test code requires zero unnecessary code.
Following stubbings are unnecessary (click to navigate to relevant line of code):
  1. -> at tn.esprit.spring.kaddem.services.EtudiantServiceImplTest.setUp(EtudiantServiceImplTest.java:41)
  2. -> at tn.esprit.spring.kaddem.services.EtudiantServiceImplTest.setUp(EtudiantServiceImplTest.java:42)
  3. -> at tn.esprit.spring.kaddem.services.EtudiantServiceImplTest.setUp(EtudiantServiceImplTest.java:45)
Please remove unnecessary stubbings or use 'lenient' strictness. More info: javadoc for UnnecessaryStubbingException class.

testAddEtudiant  Time elapsed: 0.005 s  <<< ERROR!
org.mockito.exceptions.misusing.UnnecessaryStubbingException: 

Unnecessary stubbings detected.
Clean & maintainable test code requires zero unnecessary code.
Following stubbings are unnecessary (click to navigate to relevant line of code):
  1. -> at tn.esprit.spring.kaddem.services.EtudiantServiceImplTest.setUp(EtudiantServiceImplTest.java:41)
  2. -> at tn.esprit.spring.kaddem.services.EtudiantServiceImplTest.setUp(EtudiantServiceImplTest.java:42)
  3. -> at tn.esprit.spring.kaddem.services.EtudiantServiceImplTest.setUp(EtudiantServiceImplTest.java:44)
  4. -> at tn.esprit.spring.kaddem.services.EtudiantServiceImplTest.setUp(EtudiantServiceImplTest.java:45)
Please remove unnecessary stubbings or use 'lenient' strictness. More info: javadoc for UnnecessaryStubbingException class.

